<?xml version="1.0" encoding="UTF-8"?>
<!-- Generated by org.testng.reporters.JUnitXMLReporter -->
<testsuite ignored="0" hostname="Anubhavs-MacBook-Pro.local" failures="0" tests="2" name="Default test" time="7.332" errors="0" timestamp="2022-11-11T00:23:35 CST">
  <testcase classname="mathworks.technical.assignment.tests.Test_Scenario1" name="testValidateStatisticsCountry" time="6.463"/>
  <testcase classname="mathworks.technical.assignment.tests.Test_Scenario1" name="testValidateStatisticsResult" time="0.683"/>
</testsuite> <!-- Default test -->
