<?xml version="1.0" encoding="UTF-8"?>
<testng-results ignored="0" total="2" passed="2" failed="0" skipped="0">
  <reporter-output>
  </reporter-output>
  <suite started-at="2022-11-11T02:51:08 CST" name="Surefire suite" finished-at="2022-11-11T02:51:10 CST" duration-ms="2169">
    <groups>
    </groups>
    <test started-at="2022-11-11T02:51:08 CST" name="Surefire test" finished-at="2022-11-11T02:51:10 CST" duration-ms="2169">
      <class name="mathworks.technical.assignment.tests.Test_Scenario1">
        <test-method signature="testValidateStatisticsResult()" started-at="2022-11-11T02:51:08 CST" name="testValidateStatisticsResult" finished-at="2022-11-11T02:51:09 CST" duration-ms="1407" status="PASS">
          <reporter-output>
          </reporter-output>
        </test-method> <!-- testValidateStatisticsResult -->
        <test-method signature="testValidateStatisticsCountry()" started-at="2022-11-11T02:51:08 CST" name="testValidateStatisticsCountry" finished-at="2022-11-11T02:51:10 CST" duration-ms="2135" status="PASS">
          <reporter-output>
          </reporter-output>
        </test-method> <!-- testValidateStatisticsCountry -->
      </class> <!-- mathworks.technical.assignment.tests.Test_Scenario1 -->
    </test> <!-- Surefire test -->
  </suite> <!-- Surefire suite -->
</testng-results>
