<?xml version="1.0" encoding="UTF-8"?>
<testsuite xmlns:xsi="http://www.w3.org/2001/XMLSchema-instance" xsi:noNamespaceSchemaLocation="https://maven.apache.org/surefire/maven-surefire-plugin/xsd/surefire-test-report.xsd" name="mathworks.technical.assignment.tests.Test_Scenario2" time="7.661" tests="10" errors="0" skipped="0" failures="0">
  <properties>
[...]
</properties>
  <testcase name="testCheckIdExits[0: 1, en, I am a programmer]" classname="mathworks.technical.assignment.tests.Test_Scenario2" time="1.012"/>
  <testcase name="testCheckIdExits[1: 2, en, Hello I love the service]" classname="mathworks.technical.assignment.tests.Test_Scenario2" time="0.708"/>
  <testcase name="testCheckIdExits[2: 3, en, failure is not fatal]" classname="mathworks.technical.assignment.tests.Test_Scenario2" time="0.72"/>
  <testcase name="testCheckIdExits[3: 4, en, Lead from the heart, not the head]" classname="mathworks.technical.assignment.tests.Test_Scenario2" time="0.718"/>
  <testcase name="testCheckIdExits[4: 5, en, You cannot protect yourself from sadness without protecting yourself from happiness]" classname="mathworks.technical.assignment.tests.Test_Scenario2" time="0.715"/>
  <testcase name="testVerifyProbabilityGreaterThanHalf[0: 1, en, I am a programmer]" classname="mathworks.technical.assignment.tests.Test_Scenario2" time="0.716"/>
  <testcase name="testVerifyProbabilityGreaterThanHalf[1: 2, en, Hello I love the service]" classname="mathworks.technical.assignment.tests.Test_Scenario2" time="0.715"/>
  <testcase name="testVerifyProbabilityGreaterThanHalf[2: 3, en, failure is not fatal]" classname="mathworks.technical.assignment.tests.Test_Scenario2" time="0.816"/>
  <testcase name="testVerifyProbabilityGreaterThanHalf[3: 4, en, Lead from the heart, not the head]" classname="mathworks.technical.assignment.tests.Test_Scenario2" time="0.819"/>
  <testcase name="testVerifyProbabilityGreaterThanHalf[4: 5, en, You cannot protect yourself from sadness without protecting yourself from happiness]" classname="mathworks.technical.assignment.tests.Test_Scenario2" time="0.717"/>
</testsuite>