<?xml version="1.0" encoding="UTF-8"?>
<!-- Generated by org.testng.reporters.JUnitXMLReporter -->
<testsuite ignored="0" hostname="Anubhavs-MacBook-Pro.local" failures="0" tests="2" name="Surefire test" time="2.169" errors="0" timestamp="2022-11-11T02:51:15 CST">
  <testcase classname="mathworks.technical.assignment.tests.Test_Scenario1" name="testValidateStatisticsResult on testValidateStatisticsResult(mathworks.technical.assignment.tests.Test_Scenario1)" time="1.407"/>
  <testcase classname="mathworks.technical.assignment.tests.Test_Scenario1" name="testValidateStatisticsCountry on testValidateStatisticsCountry(mathworks.technical.assignment.tests.Test_Scenario1)" time="2.135"/>
</testsuite> <!-- Surefire test -->
